<?xml version="1.0" encoding="UTF-8"?>
<!-- Generated by org.testng.reporters.JUnitXMLReporter -->
<testsuite hostname="QT-INBG-LT0410" name="Validating User login" tests="2" failures="2" timestamp="4 Feb 2020 08:42:28 GMT" time="0.433" errors="0">
  <testcase name="feature" time="0.098" classname="cucumberOptions.TestRunner">
    <failure type="cucumber.runtime.CucumberException" message="java.io.FileNotFoundException: C:\Users\lokesh.kondepudi\Downloads\E2EProjectCucumber\Downloads\E2EProjectCucumber\src\main\java\resources\data.properties (The system cannot find the path specified)">
      <![CDATA[cucumber.runtime.CucumberException: java.io.FileNotFoundException: C:\Users\lokesh.kondepudi\Downloads\E2EProjectCucumber\Downloads\E2EProjectCucumber\src\main\java\resources\data.properties (The system cannot find the path specified)
	at cucumber.api.testng.TestNGCucumberRunner.runCucumber(TestNGCucumberRunner.java:69)
	at cucumber.api.testng.AbstractTestNGCucumberTests.feature(AbstractTestNGCucumberTests.java:21)
Caused by: java.io.FileNotFoundException: C:\Users\lokesh.kondepudi\Downloads\E2EProjectCucumber\Downloads\E2EProjectCucumber\src\main\java\resources\data.properties (The system cannot find the path specified)
	at java.io.FileInputStream.open0(Native Method)
	at java.io.FileInputStream.open(FileInputStream.java:195)
	at java.io.FileInputStream.<init>(FileInputStream.java:138)
	at java.io.FileInputStream.<init>(FileInputStream.java:93)
	at resources.base.initializeDriver(base.java:24)
	at stepDefinations.stepDefination.initialize_the_browser_with_chrome(stepDefination.java:18)
	at âœ½.Given Initialize the browser with chrome(login.feature:4)
... Removed 24 stack frames]]>
    </failure>
  </testcase> <!-- feature -->
  <testcase name="feature" time="0.167" classname="cucumberOptions.TestRunner">
    <failure type="java.lang.NullPointerException">
      <![CDATA[java.lang.NullPointerException
	at resources.base.getScreenshot(base.java:48)
	at Academy.listeners.onTestFailure(listeners.java:33)
... Removed 21 stack frames]]>
    </failure>
  </testcase> <!-- feature -->
</testsuite> <!-- Validating User login -->
